<?xml version="1.0" encoding="UTF-8"?>
<!-- Generated by org.testng.reporters.JUnitReportReporter -->
<testsuite skipped="0" hostname="DESKTOP-2FMP69Q" name="com.actitime.test.CustomerModule1" tests="4" failures="0" timestamp="17 Sep 2021 18:23:46 GMT" time="0.016" errors="0">
  <testcase name="registerCustomer" time="0.002" classname="com.actitime.test.CustomerModule1"/>
  <testcase name="deleteCustomer" time="0.008" classname="com.actitime.test.CustomerModule1"/>
  <testcase name="editCustomer" time="0.002" classname="com.actitime.test.CustomerModule1"/>
  <testcase name="editCustomer" time="0.004" classname="com.actitime.test.CustomerModule1"/>
</testsuite> <!-- com.actitime.test.CustomerModule1 -->
